Arguments: 
  /Users/jonnypickard/.nvm/versions/node/v8.1.3/bin/node /Users/jonnypickard/.nvm/versions/node/v8.1.3/bin/yarn add eslint

PATH: 
  /Users/jonnypickard/.nvm/versions/node/v8.1.3/bin:/usr/local/bin:/usr/bin:/bin:/usr/sbin:/sbin:/Users/jonnypickard/.oh-my-zsh/plugins/ansiweather

Yarn version: 
  0.27.5

Node version: 
  8.1.3

Platform: 
  darwin x64

npm manifest: 
  {
    "name": "zap-test",
    "version": "0.0.0",
    "private": true,
    "scripts": {
      "start": "node ./bin/www"
    },
    "dependencies": {
      "body-parser": "~1.17.1",
      "cookie-parser": "~1.4.3",
      "debug": "~2.6.3",
      "express": "~4.15.2",
      "jade": "~1.11.0",
      "morgan": "~1.8.1",
      "serve-favicon": "~2.4.2"
    }
  }

yarn manifest: 
  No manifest

Lockfile: 
  No lockfile

Trace: 
  Error: https://registry.yarnpkg.com/lodash/-/lodash-4.17.4.tgz: ESOCKETTIMEDOUT
      at ClientRequest.<anonymous> (/Users/jonnypickard/.nvm/versions/node/v8.1.3/lib/node_modules/yarn/node_modules/request/request.js:819:19)
      at Object.onceWrapper (events.js:314:30)
      at emitNone (events.js:105:13)
      at ClientRequest.emit (events.js:207:7)
      at TLSSocket.emitTimeout (_http_client.js:721:34)
      at Object.onceWrapper (events.js:314:30)
      at emitNone (events.js:105:13)
      at TLSSocket.emit (events.js:207:7)
      at TLSSocket.Socket._onTimeout (net.js:402:8)
      at ontimeout (timers.js:488:11)
